<?xml version="1.0" encoding="utf-8"?><testsuites name="pytest tests"><testsuite name="pytest" errors="0" failures="0" skipped="0" tests="8" time="19.195" timestamp="2026-08-17T06:08:55.323408+00:00" hostname="agent-env-a807efea-1da2-4970-8061-58c66d2851f8"><testcase classname="tests.test_ai.TestAIChat" name="test_chat_simple" time="5.105" /><testcase classname="tests.test_ai.TestAIConfession" name="test_confession_hindi" time="7.526" /><testcase classname="tests.test_ai.TestAIChat" name="test_chat_multi_turn" time="4.572" /><testcase classname="tests.test_ai.TestAIConfession" name="test_confession_english" time="3.208" /><testcase classname="tests.test_ai.TestAIChat" name="test_chat_empty_message_400" time="0.053" /><testcase classname="tests.test_ai.TestAIReflection" name="test_reflection_hindi" time="9.053" /><testcase classname="tests.test_ai.TestAIConfession" name="test_confession_empty_situation_400" time="0.054" /><testcase classname="tests.test_ai.TestAIReflection" name="test_reflection_empty_verse_400" time="0.050" /></testsuite></testsuites>