<?xml version="1.0" encoding="utf-8"?><testsuites name="pytest tests"><testsuite name="pytest" errors="0" failures="0" skipped="0" tests="8" time="4.703" timestamp="2026-08-15T11:16:27.485676+00:00" hostname="agent-env-a807efea-1da2-4970-8061-58c66d2851f8"><testcase classname="tests.test_tts.TestHealth" name="test_root" time="2.326" /><testcase classname="tests.test_tts.TestTTS" name="test_post_tts_returns_url" time="2.323" /><testcase classname="tests.test_tts.TestTTS" name="test_get_audio_mpeg" time="0.051" /><testcase classname="tests.test_tts.TestTTS" name="test_cache_hit_same_text" time="0.087" /><testcase classname="tests.test_tts.TestTTS" name="test_empty_text_returns_400" time="0.082" /><testcase classname="tests.test_tts.TestTTS" name="test_whitespace_only_returns_400" time="0.083" /><testcase classname="tests.test_tts.TestTTS" name="test_get_unknown_key_404" time="0.040" /><testcase classname="tests.test_tts.TestTTS" name="test_english_text" time="1.707" /></testsuite></testsuites>