<?xml version="1.0" encoding="utf-8"?><testsuites name="pytest tests"><testsuite name="pytest" errors="0" failures="0" skipped="0" tests="8" time="3.218" timestamp="2026-08-15T10:54:13.423056+00:00" hostname="agent-env-a807efea-1da2-4970-8061-58c66d2851f8"><testcase classname="tests.test_tts.TestHealth" name="test_root" time="1.225" /><testcase classname="tests.test_tts.TestTTS" name="test_post_tts_returns_url" time="1.226" /><testcase classname="tests.test_tts.TestTTS" name="test_get_audio_mpeg" time="0.050" /><testcase classname="tests.test_tts.TestTTS" name="test_cache_hit_same_text" time="0.085" /><testcase classname="tests.test_tts.TestTTS" name="test_empty_text_returns_400" time="0.042" /><testcase classname="tests.test_tts.TestTTS" name="test_whitespace_only_returns_400" time="0.042" /><testcase classname="tests.test_tts.TestTTS" name="test_get_unknown_key_404" time="0.041" /><testcase classname="tests.test_tts.TestTTS" name="test_english_text" time="1.404" /></testsuite></testsuites>